<?xml version="1.0" encoding="UTF-8"?>
<testng-results skipped="0" failed="0" ignored="0" total="2" passed="2">
  <reporter-output>
  </reporter-output>
  <suite name="Data Driver Basics" duration-ms="21353" started-at="2025-06-01T19:35:21 PDT" finished-at="2025-06-01T19:35:42 PDT">
    <groups>
    </groups>
    <test name="Login Test" duration-ms="3370" started-at="2025-06-01T19:35:21 PDT" finished-at="2025-06-01T19:35:24 PDT">
      <class name="com.w2a.testcases.LoginTest">
        <test-method status="PASS" signature="loginTest(java.util.Hashtable)[pri:0, instance:com.w2a.testcases.LoginTest@544820b7]" name="loginTest" duration-ms="2840" started-at="2025-06-01T19:35:21 PDT" data-provider="dp" finished-at="2025-06-01T19:35:24 PDT">
          <params>
            <param index="0">
              <value>
                <![CDATA[{password=Langara@1994, runmode=Y, username=navdeephalley@gmail.com}]]>
              </value>
            </param>
          </params>
          <reporter-output>
          </reporter-output>
        </test-method> <!-- loginTest -->
      </class> <!-- com.w2a.testcases.LoginTest -->
    </test> <!-- Login Test -->
    <test name="Create Account Test" duration-ms="17958" started-at="2025-06-01T19:35:24 PDT" finished-at="2025-06-01T19:35:42 PDT">
      <class name="com.w2a.testcases.LoginTest">
        <test-method status="PASS" signature="tearDown()[pri:0, instance:com.w2a.testcases.LoginTest@544820b7]" name="tearDown" is-config="true" duration-ms="2644" started-at="2025-06-01T19:35:42 PDT" finished-at="2025-06-01T19:35:45 PDT">
          <reporter-output>
          </reporter-output>
        </test-method> <!-- tearDown -->
      </class> <!-- com.w2a.testcases.LoginTest -->
      <class name="com.w2a.testcases.CreateAccountTest">
        <test-method status="PASS" signature="createAccountTest(java.util.Hashtable)[pri:0, instance:com.w2a.testcases.CreateAccountTest@68fa0ba8]" name="createAccountTest" duration-ms="17866" started-at="2025-06-01T19:35:24 PDT" data-provider="dp" finished-at="2025-06-01T19:35:42 PDT">
          <params>
            <param index="0">
              <value>
                <![CDATA[{name=Raman}]]>
              </value>
            </param>
          </params>
          <reporter-output>
          </reporter-output>
        </test-method> <!-- createAccountTest -->
      </class> <!-- com.w2a.testcases.CreateAccountTest -->
    </test> <!-- Create Account Test -->
  </suite> <!-- Data Driver Basics -->
</testng-results>
